The system is: Linux - 3.16.4-1-ARCH - i686
Compiling the C compiler identification source file "CMakeCCompilerId.c" succeeded.
Compiler: /usr/sbin/cc 
Build flags: 
Id flags: 

The output was:
0


Compilation of the C compiler identification source "CMakeCCompilerId.c" produced "a.out"

The C compiler identification is GNU, found in "/home/nathan/.emacs.d/irony/build/CMakeFiles/3.0.2/CompilerIdC/a.out"

Compiling the CXX compiler identification source file "CMakeCXXCompilerId.cpp" succeeded.
Compiler: /usr/sbin/c++ 
Build flags: 
Id flags: 

The output was:
0


Compilation of the CXX compiler identification source "CMakeCXXCompilerId.cpp" produced "a.out"

The CXX compiler identification is GNU, found in "/home/nathan/.emacs.d/irony/build/CMakeFiles/3.0.2/CompilerIdCXX/a.out"

Determining if the C compiler works passed with the following output:
Change Dir: /home/nathan/.emacs.d/irony/build/CMakeFiles/CMakeTmp

Run Build Command:"/usr/sbin/make" "cmTryCompileExec665170339/fast"
/usr/sbin/make -f CMakeFiles/cmTryCompileExec665170339.dir/build.make CMakeFiles/cmTryCompileExec665170339.dir/build
make[1]: Entering directory '/home/nathan/.emacs.d/irony/build/CMakeFiles/CMakeTmp'
/usr/bin/cmake -E cmake_progress_report /home/nathan/.emacs.d/irony/build/CMakeFiles/CMakeTmp/CMakeFiles 1
Building C object CMakeFiles/cmTryCompileExec665170339.dir/testCCompiler.c.o
/usr/sbin/cc    -o CMakeFiles/cmTryCompileExec665170339.dir/testCCompiler.c.o   -c /home/nathan/.emacs.d/irony/build/CMakeFiles/CMakeTmp/testCCompiler.c
Linking C executable cmTryCompileExec665170339
/usr/bin/cmake -E cmake_link_script CMakeFiles/cmTryCompileExec665170339.dir/link.txt --verbose=1
/usr/sbin/cc       CMakeFiles/cmTryCompileExec665170339.dir/testCCompiler.c.o  -o cmTryCompileExec665170339 -rdynamic 
make[1]: Leaving directory '/home/nathan/.emacs.d/irony/build/CMakeFiles/CMakeTmp'


Detecting C compiler ABI info compiled with the following output:
Change Dir: /home/nathan/.emacs.d/irony/build/CMakeFiles/CMakeTmp

Run Build Command:"/usr/sbin/make" "cmTryCompileExec155236399/fast"
/usr/sbin/make -f CMakeFiles/cmTryCompileExec155236399.dir/build.make CMakeFiles/cmTryCompileExec155236399.dir/build
make[1]: Entering directory '/home/nathan/.emacs.d/irony/build/CMakeFiles/CMakeTmp'
/usr/bin/cmake -E cmake_progress_report /home/nathan/.emacs.d/irony/build/CMakeFiles/CMakeTmp/CMakeFiles 1
Building C object CMakeFiles/cmTryCompileExec155236399.dir/CMakeCCompilerABI.c.o
/usr/sbin/cc    -o CMakeFiles/cmTryCompileExec155236399.dir/CMakeCCompilerABI.c.o   -c /usr/share/cmake-3.0/Modules/CMakeCCompilerABI.c
Linking C executable cmTryCompileExec155236399
/usr/bin/cmake -E cmake_link_script CMakeFiles/cmTryCompileExec155236399.dir/link.txt --verbose=1
/usr/sbin/cc     -v CMakeFiles/cmTryCompileExec155236399.dir/CMakeCCompilerABI.c.o  -o cmTryCompileExec155236399 -rdynamic  
Using built-in specs.
COLLECT_GCC=/usr/sbin/cc
COLLECT_LTO_WRAPPER=/usr/lib/gcc/i686-pc-linux-gnu/4.9.1/lto-wrapper
Target: i686-pc-linux-gnu
Configured with: /build/gcc/src/gcc-4.9-20140903/configure --prefix=/usr --libdir=/usr/lib --libexecdir=/usr/lib --mandir=/usr/share/man --infodir=/usr/share/info --with-bugurl=https://bugs.archlinux.org/ --enable-languages=c,c++,ada,fortran,go,lto,objc,obj-c++ --enable-shared --enable-threads=posix --with-system-zlib --enable-__cxa_atexit --disable-libunwind-exceptions --enable-clocale=gnu --disable-libstdcxx-pch --disable-libssp --enable-gnu-unique-object --enable-linker-build-id --enable-cloog-backend=isl --disable-isl-version-check --disable-cloog-version-check --enable-lto --enable-plugin --enable-install-libiberty --with-linker-hash-style=gnu --disable-multilib --disable-werror --enable-checking=release
Thread model: posix
gcc version 4.9.1 20140903 (prerelease) (GCC) 
COMPILER_PATH=/usr/lib/gcc/i686-pc-linux-gnu/4.9.1/:/usr/lib/gcc/i686-pc-linux-gnu/4.9.1/:/usr/lib/gcc/i686-pc-linux-gnu/:/usr/lib/gcc/i686-pc-linux-gnu/4.9.1/:/usr/lib/gcc/i686-pc-linux-gnu/
LIBRARY_PATH=/usr/lib/gcc/i686-pc-linux-gnu/4.9.1/:/usr/lib/gcc/i686-pc-linux-gnu/4.9.1/../../../:/lib/:/usr/lib/
COLLECT_GCC_OPTIONS='-v' '-o' 'cmTryCompileExec155236399' '-rdynamic' '-mtune=generic' '-march=pentiumpro'
 /usr/lib/gcc/i686-pc-linux-gnu/4.9.1/collect2 -plugin /usr/lib/gcc/i686-pc-linux-gnu/4.9.1/liblto_plugin.so -plugin-opt=/usr/lib/gcc/i686-pc-linux-gnu/4.9.1/lto-wrapper -plugin-opt=-fresolution=/tmp/ccg5lvNb.res -plugin-opt=-pass-through=-lgcc -plugin-opt=-pass-through=-lgcc_s -plugin-opt=-pass-through=-lc -plugin-opt=-pass-through=-lgcc -plugin-opt=-pass-through=-lgcc_s --build-id --eh-frame-hdr --hash-style=gnu -m elf_i386 -export-dynamic -dynamic-linker /lib/ld-linux.so.2 -o cmTryCompileExec155236399 /usr/lib/gcc/i686-pc-linux-gnu/4.9.1/../../../crt1.o /usr/lib/gcc/i686-pc-linux-gnu/4.9.1/../../../crti.o /usr/lib/gcc/i686-pc-linux-gnu/4.9.1/crtbegin.o -L/usr/lib/gcc/i686-pc-linux-gnu/4.9.1 -L/usr/lib/gcc/i686-pc-linux-gnu/4.9.1/../../.. CMakeFiles/cmTryCompileExec155236399.dir/CMakeCCompilerABI.c.o -lgcc --as-needed -lgcc_s --no-as-needed -lc -lgcc --as-needed -lgcc_s --no-as-needed /usr/lib/gcc/i686-pc-linux-gnu/4.9.1/crtend.o /usr/lib/gcc/i686-pc-linux-gnu/4.9.1/../../../crtn.o
make[1]: Leaving directory '/home/nathan/.emacs.d/irony/build/CMakeFiles/CMakeTmp'


Parsed C implicit link information from above output:
  link line regex: [^( *|.*[/\])(ld|([^/\]+-)?ld|collect2)[^/\]*( |$)]
  ignore line: [Change Dir: /home/nathan/.emacs.d/irony/build/CMakeFiles/CMakeTmp]
  ignore line: []
  ignore line: [Run Build Command:"/usr/sbin/make" "cmTryCompileExec155236399/fast"]
  ignore line: [/usr/sbin/make -f CMakeFiles/cmTryCompileExec155236399.dir/build.make CMakeFiles/cmTryCompileExec155236399.dir/build]
  ignore line: [make[1]: Entering directory '/home/nathan/.emacs.d/irony/build/CMakeFiles/CMakeTmp']
  ignore line: [/usr/bin/cmake -E cmake_progress_report /home/nathan/.emacs.d/irony/build/CMakeFiles/CMakeTmp/CMakeFiles 1]
  ignore line: [Building C object CMakeFiles/cmTryCompileExec155236399.dir/CMakeCCompilerABI.c.o]
  ignore line: [/usr/sbin/cc    -o CMakeFiles/cmTryCompileExec155236399.dir/CMakeCCompilerABI.c.o   -c /usr/share/cmake-3.0/Modules/CMakeCCompilerABI.c]
  ignore line: [Linking C executable cmTryCompileExec155236399]
  ignore line: [/usr/bin/cmake -E cmake_link_script CMakeFiles/cmTryCompileExec155236399.dir/link.txt --verbose=1]
  ignore line: [/usr/sbin/cc     -v CMakeFiles/cmTryCompileExec155236399.dir/CMakeCCompilerABI.c.o  -o cmTryCompileExec155236399 -rdynamic  ]
  ignore line: [Using built-in specs.]
  ignore line: [COLLECT_GCC=/usr/sbin/cc]
  ignore line: [COLLECT_LTO_WRAPPER=/usr/lib/gcc/i686-pc-linux-gnu/4.9.1/lto-wrapper]
  ignore line: [Target: i686-pc-linux-gnu]
  ignore line: [Configured with: /build/gcc/src/gcc-4.9-20140903/configure --prefix=/usr --libdir=/usr/lib --libexecdir=/usr/lib --mandir=/usr/share/man --infodir=/usr/share/info --with-bugurl=https://bugs.archlinux.org/ --enable-languages=c,c++,ada,fortran,go,lto,objc,obj-c++ --enable-shared --enable-threads=posix --with-system-zlib --enable-__cxa_atexit --disable-libunwind-exceptions --enable-clocale=gnu --disable-libstdcxx-pch --disable-libssp --enable-gnu-unique-object --enable-linker-build-id --enable-cloog-backend=isl --disable-isl-version-check --disable-cloog-version-check --enable-lto --enable-plugin --enable-install-libiberty --with-linker-hash-style=gnu --disable-multilib --disable-werror --enable-checking=release]
  ignore line: [Thread model: posix]
  ignore line: [gcc version 4.9.1 20140903 (prerelease) (GCC) ]
  ignore line: [COMPILER_PATH=/usr/lib/gcc/i686-pc-linux-gnu/4.9.1/:/usr/lib/gcc/i686-pc-linux-gnu/4.9.1/:/usr/lib/gcc/i686-pc-linux-gnu/:/usr/lib/gcc/i686-pc-linux-gnu/4.9.1/:/usr/lib/gcc/i686-pc-linux-gnu/]
  ignore line: [LIBRARY_PATH=/usr/lib/gcc/i686-pc-linux-gnu/4.9.1/:/usr/lib/gcc/i686-pc-linux-gnu/4.9.1/../../../:/lib/:/usr/lib/]
  ignore line: [COLLECT_GCC_OPTIONS='-v' '-o' 'cmTryCompileExec155236399' '-rdynamic' '-mtune=generic' '-march=pentiumpro']
  link line: [ /usr/lib/gcc/i686-pc-linux-gnu/4.9.1/collect2 -plugin /usr/lib/gcc/i686-pc-linux-gnu/4.9.1/liblto_plugin.so -plugin-opt=/usr/lib/gcc/i686-pc-linux-gnu/4.9.1/lto-wrapper -plugin-opt=-fresolution=/tmp/ccg5lvNb.res -plugin-opt=-pass-through=-lgcc -plugin-opt=-pass-through=-lgcc_s -plugin-opt=-pass-through=-lc -plugin-opt=-pass-through=-lgcc -plugin-opt=-pass-through=-lgcc_s --build-id --eh-frame-hdr --hash-style=gnu -m elf_i386 -export-dynamic -dynamic-linker /lib/ld-linux.so.2 -o cmTryCompileExec155236399 /usr/lib/gcc/i686-pc-linux-gnu/4.9.1/../../../crt1.o /usr/lib/gcc/i686-pc-linux-gnu/4.9.1/../../../crti.o /usr/lib/gcc/i686-pc-linux-gnu/4.9.1/crtbegin.o -L/usr/lib/gcc/i686-pc-linux-gnu/4.9.1 -L/usr/lib/gcc/i686-pc-linux-gnu/4.9.1/../../.. CMakeFiles/cmTryCompileExec155236399.dir/CMakeCCompilerABI.c.o -lgcc --as-needed -lgcc_s --no-as-needed -lc -lgcc --as-needed -lgcc_s --no-as-needed /usr/lib/gcc/i686-pc-linux-gnu/4.9.1/crtend.o /usr/lib/gcc/i686-pc-linux-gnu/4.9.1/../../../crtn.o]
    arg [/usr/lib/gcc/i686-pc-linux-gnu/4.9.1/collect2] ==> ignore
    arg [-plugin] ==> ignore
    arg [/usr/lib/gcc/i686-pc-linux-gnu/4.9.1/liblto_plugin.so] ==> ignore
    arg [-plugin-opt=/usr/lib/gcc/i686-pc-linux-gnu/4.9.1/lto-wrapper] ==> ignore
    arg [-plugin-opt=-fresolution=/tmp/ccg5lvNb.res] ==> ignore
    arg [-plugin-opt=-pass-through=-lgcc] ==> ignore
    arg [-plugin-opt=-pass-through=-lgcc_s] ==> ignore
    arg [-plugin-opt=-pass-through=-lc] ==> ignore
    arg [-plugin-opt=-pass-through=-lgcc] ==> ignore
    arg [-plugin-opt=-pass-through=-lgcc_s] ==> ignore
    arg [--build-id] ==> ignore
    arg [--eh-frame-hdr] ==> ignore
    arg [--hash-style=gnu] ==> ignore
    arg [-m] ==> ignore
    arg [elf_i386] ==> ignore
    arg [-export-dynamic] ==> ignore
    arg [-dynamic-linker] ==> ignore
    arg [/lib/ld-linux.so.2] ==> ignore
    arg [-o] ==> ignore
    arg [cmTryCompileExec155236399] ==> ignore
    arg [/usr/lib/gcc/i686-pc-linux-gnu/4.9.1/../../../crt1.o] ==> ignore
    arg [/usr/lib/gcc/i686-pc-linux-gnu/4.9.1/../../../crti.o] ==> ignore
    arg [/usr/lib/gcc/i686-pc-linux-gnu/4.9.1/crtbegin.o] ==> ignore
    arg [-L/usr/lib/gcc/i686-pc-linux-gnu/4.9.1] ==> dir [/usr/lib/gcc/i686-pc-linux-gnu/4.9.1]
    arg [-L/usr/lib/gcc/i686-pc-linux-gnu/4.9.1/../../..] ==> dir [/usr/lib/gcc/i686-pc-linux-gnu/4.9.1/../../..]
    arg [CMakeFiles/cmTryCompileExec155236399.dir/CMakeCCompilerABI.c.o] ==> ignore
    arg [-lgcc] ==> lib [gcc]
    arg [--as-needed] ==> ignore
    arg [-lgcc_s] ==> lib [gcc_s]
    arg [--no-as-needed] ==> ignore
    arg [-lc] ==> lib [c]
    arg [-lgcc] ==> lib [gcc]
    arg [--as-needed] ==> ignore
    arg [-lgcc_s] ==> lib [gcc_s]
    arg [--no-as-needed] ==> ignore
    arg [/usr/lib/gcc/i686-pc-linux-gnu/4.9.1/crtend.o] ==> ignore
    arg [/usr/lib/gcc/i686-pc-linux-gnu/4.9.1/../../../crtn.o] ==> ignore
  remove lib [gcc]
  remove lib [gcc_s]
  remove lib [gcc]
  remove lib [gcc_s]
  collapse library dir [/usr/lib/gcc/i686-pc-linux-gnu/4.9.1] ==> [/usr/lib/gcc/i686-pc-linux-gnu/4.9.1]
  collapse library dir [/usr/lib/gcc/i686-pc-linux-gnu/4.9.1/../../..] ==> [/usr/lib]
  implicit libs: [c]
  implicit dirs: [/usr/lib/gcc/i686-pc-linux-gnu/4.9.1;/usr/lib]
  implicit fwks: []


Determining if the CXX compiler works passed with the following output:
Change Dir: /home/nathan/.emacs.d/irony/build/CMakeFiles/CMakeTmp

Run Build Command:"/usr/sbin/make" "cmTryCompileExec1274566221/fast"
/usr/sbin/make -f CMakeFiles/cmTryCompileExec1274566221.dir/build.make CMakeFiles/cmTryCompileExec1274566221.dir/build
make[1]: Entering directory '/home/nathan/.emacs.d/irony/build/CMakeFiles/CMakeTmp'
/usr/bin/cmake -E cmake_progress_report /home/nathan/.emacs.d/irony/build/CMakeFiles/CMakeTmp/CMakeFiles 1
Building CXX object CMakeFiles/cmTryCompileExec1274566221.dir/testCXXCompiler.cxx.o
/usr/sbin/c++     -o CMakeFiles/cmTryCompileExec1274566221.dir/testCXXCompiler.cxx.o -c /home/nathan/.emacs.d/irony/build/CMakeFiles/CMakeTmp/testCXXCompiler.cxx
Linking CXX executable cmTryCompileExec1274566221
/usr/bin/cmake -E cmake_link_script CMakeFiles/cmTryCompileExec1274566221.dir/link.txt --verbose=1
/usr/sbin/c++        CMakeFiles/cmTryCompileExec1274566221.dir/testCXXCompiler.cxx.o  -o cmTryCompileExec1274566221 -rdynamic 
make[1]: Leaving directory '/home/nathan/.emacs.d/irony/build/CMakeFiles/CMakeTmp'


Detecting CXX compiler ABI info compiled with the following output:
Change Dir: /home/nathan/.emacs.d/irony/build/CMakeFiles/CMakeTmp

Run Build Command:"/usr/sbin/make" "cmTryCompileExec1121450401/fast"
/usr/sbin/make -f CMakeFiles/cmTryCompileExec1121450401.dir/build.make CMakeFiles/cmTryCompileExec1121450401.dir/build
make[1]: Entering directory '/home/nathan/.emacs.d/irony/build/CMakeFiles/CMakeTmp'
/usr/bin/cmake -E cmake_progress_report /home/nathan/.emacs.d/irony/build/CMakeFiles/CMakeTmp/CMakeFiles 1
Building CXX object CMakeFiles/cmTryCompileExec1121450401.dir/CMakeCXXCompilerABI.cpp.o
/usr/sbin/c++     -o CMakeFiles/cmTryCompileExec1121450401.dir/CMakeCXXCompilerABI.cpp.o -c /usr/share/cmake-3.0/Modules/CMakeCXXCompilerABI.cpp
Linking CXX executable cmTryCompileExec1121450401
/usr/bin/cmake -E cmake_link_script CMakeFiles/cmTryCompileExec1121450401.dir/link.txt --verbose=1
/usr/sbin/c++      -v CMakeFiles/cmTryCompileExec1121450401.dir/CMakeCXXCompilerABI.cpp.o  -o cmTryCompileExec1121450401 -rdynamic  
Using built-in specs.
COLLECT_GCC=/usr/sbin/c++
COLLECT_LTO_WRAPPER=/usr/lib/gcc/i686-pc-linux-gnu/4.9.1/lto-wrapper
Target: i686-pc-linux-gnu
Configured with: /build/gcc/src/gcc-4.9-20140903/configure --prefix=/usr --libdir=/usr/lib --libexecdir=/usr/lib --mandir=/usr/share/man --infodir=/usr/share/info --with-bugurl=https://bugs.archlinux.org/ --enable-languages=c,c++,ada,fortran,go,lto,objc,obj-c++ --enable-shared --enable-threads=posix --with-system-zlib --enable-__cxa_atexit --disable-libunwind-exceptions --enable-clocale=gnu --disable-libstdcxx-pch --disable-libssp --enable-gnu-unique-object --enable-linker-build-id --enable-cloog-backend=isl --disable-isl-version-check --disable-cloog-version-check --enable-lto --enable-plugin --enable-install-libiberty --with-linker-hash-style=gnu --disable-multilib --disable-werror --enable-checking=release
Thread model: posix
gcc version 4.9.1 20140903 (prerelease) (GCC) 
COMPILER_PATH=/usr/lib/gcc/i686-pc-linux-gnu/4.9.1/:/usr/lib/gcc/i686-pc-linux-gnu/4.9.1/:/usr/lib/gcc/i686-pc-linux-gnu/:/usr/lib/gcc/i686-pc-linux-gnu/4.9.1/:/usr/lib/gcc/i686-pc-linux-gnu/
LIBRARY_PATH=/usr/lib/gcc/i686-pc-linux-gnu/4.9.1/:/usr/lib/gcc/i686-pc-linux-gnu/4.9.1/../../../:/lib/:/usr/lib/
COLLECT_GCC_OPTIONS='-v' '-o' 'cmTryCompileExec1121450401' '-rdynamic' '-shared-libgcc' '-mtune=generic' '-march=pentiumpro'
 /usr/lib/gcc/i686-pc-linux-gnu/4.9.1/collect2 -plugin /usr/lib/gcc/i686-pc-linux-gnu/4.9.1/liblto_plugin.so -plugin-opt=/usr/lib/gcc/i686-pc-linux-gnu/4.9.1/lto-wrapper -plugin-opt=-fresolution=/tmp/ccIyuUo0.res -plugin-opt=-pass-through=-lgcc_s -plugin-opt=-pass-through=-lgcc -plugin-opt=-pass-through=-lc -plugin-opt=-pass-through=-lgcc_s -plugin-opt=-pass-through=-lgcc --build-id --eh-frame-hdr --hash-style=gnu -m elf_i386 -export-dynamic -dynamic-linker /lib/ld-linux.so.2 -o cmTryCompileExec1121450401 /usr/lib/gcc/i686-pc-linux-gnu/4.9.1/../../../crt1.o /usr/lib/gcc/i686-pc-linux-gnu/4.9.1/../../../crti.o /usr/lib/gcc/i686-pc-linux-gnu/4.9.1/crtbegin.o -L/usr/lib/gcc/i686-pc-linux-gnu/4.9.1 -L/usr/lib/gcc/i686-pc-linux-gnu/4.9.1/../../.. CMakeFiles/cmTryCompileExec1121450401.dir/CMakeCXXCompilerABI.cpp.o -lstdc++ -lm -lgcc_s -lgcc -lc -lgcc_s -lgcc /usr/lib/gcc/i686-pc-linux-gnu/4.9.1/crtend.o /usr/lib/gcc/i686-pc-linux-gnu/4.9.1/../../../crtn.o
make[1]: Leaving directory '/home/nathan/.emacs.d/irony/build/CMakeFiles/CMakeTmp'


Parsed CXX implicit link information from above output:
  link line regex: [^( *|.*[/\])(ld|([^/\]+-)?ld|collect2)[^/\]*( |$)]
  ignore line: [Change Dir: /home/nathan/.emacs.d/irony/build/CMakeFiles/CMakeTmp]
  ignore line: []
  ignore line: [Run Build Command:"/usr/sbin/make" "cmTryCompileExec1121450401/fast"]
  ignore line: [/usr/sbin/make -f CMakeFiles/cmTryCompileExec1121450401.dir/build.make CMakeFiles/cmTryCompileExec1121450401.dir/build]
  ignore line: [make[1]: Entering directory '/home/nathan/.emacs.d/irony/build/CMakeFiles/CMakeTmp']
  ignore line: [/usr/bin/cmake -E cmake_progress_report /home/nathan/.emacs.d/irony/build/CMakeFiles/CMakeTmp/CMakeFiles 1]
  ignore line: [Building CXX object CMakeFiles/cmTryCompileExec1121450401.dir/CMakeCXXCompilerABI.cpp.o]
  ignore line: [/usr/sbin/c++     -o CMakeFiles/cmTryCompileExec1121450401.dir/CMakeCXXCompilerABI.cpp.o -c /usr/share/cmake-3.0/Modules/CMakeCXXCompilerABI.cpp]
  ignore line: [Linking CXX executable cmTryCompileExec1121450401]
  ignore line: [/usr/bin/cmake -E cmake_link_script CMakeFiles/cmTryCompileExec1121450401.dir/link.txt --verbose=1]
  ignore line: [/usr/sbin/c++      -v CMakeFiles/cmTryCompileExec1121450401.dir/CMakeCXXCompilerABI.cpp.o  -o cmTryCompileExec1121450401 -rdynamic  ]
  ignore line: [Using built-in specs.]
  ignore line: [COLLECT_GCC=/usr/sbin/c++]
  ignore line: [COLLECT_LTO_WRAPPER=/usr/lib/gcc/i686-pc-linux-gnu/4.9.1/lto-wrapper]
  ignore line: [Target: i686-pc-linux-gnu]
  ignore line: [Configured with: /build/gcc/src/gcc-4.9-20140903/configure --prefix=/usr --libdir=/usr/lib --libexecdir=/usr/lib --mandir=/usr/share/man --infodir=/usr/share/info --with-bugurl=https://bugs.archlinux.org/ --enable-languages=c,c++,ada,fortran,go,lto,objc,obj-c++ --enable-shared --enable-threads=posix --with-system-zlib --enable-__cxa_atexit --disable-libunwind-exceptions --enable-clocale=gnu --disable-libstdcxx-pch --disable-libssp --enable-gnu-unique-object --enable-linker-build-id --enable-cloog-backend=isl --disable-isl-version-check --disable-cloog-version-check --enable-lto --enable-plugin --enable-install-libiberty --with-linker-hash-style=gnu --disable-multilib --disable-werror --enable-checking=release]
  ignore line: [Thread model: posix]
  ignore line: [gcc version 4.9.1 20140903 (prerelease) (GCC) ]
  ignore line: [COMPILER_PATH=/usr/lib/gcc/i686-pc-linux-gnu/4.9.1/:/usr/lib/gcc/i686-pc-linux-gnu/4.9.1/:/usr/lib/gcc/i686-pc-linux-gnu/:/usr/lib/gcc/i686-pc-linux-gnu/4.9.1/:/usr/lib/gcc/i686-pc-linux-gnu/]
  ignore line: [LIBRARY_PATH=/usr/lib/gcc/i686-pc-linux-gnu/4.9.1/:/usr/lib/gcc/i686-pc-linux-gnu/4.9.1/../../../:/lib/:/usr/lib/]
  ignore line: [COLLECT_GCC_OPTIONS='-v' '-o' 'cmTryCompileExec1121450401' '-rdynamic' '-shared-libgcc' '-mtune=generic' '-march=pentiumpro']
  link line: [ /usr/lib/gcc/i686-pc-linux-gnu/4.9.1/collect2 -plugin /usr/lib/gcc/i686-pc-linux-gnu/4.9.1/liblto_plugin.so -plugin-opt=/usr/lib/gcc/i686-pc-linux-gnu/4.9.1/lto-wrapper -plugin-opt=-fresolution=/tmp/ccIyuUo0.res -plugin-opt=-pass-through=-lgcc_s -plugin-opt=-pass-through=-lgcc -plugin-opt=-pass-through=-lc -plugin-opt=-pass-through=-lgcc_s -plugin-opt=-pass-through=-lgcc --build-id --eh-frame-hdr --hash-style=gnu -m elf_i386 -export-dynamic -dynamic-linker /lib/ld-linux.so.2 -o cmTryCompileExec1121450401 /usr/lib/gcc/i686-pc-linux-gnu/4.9.1/../../../crt1.o /usr/lib/gcc/i686-pc-linux-gnu/4.9.1/../../../crti.o /usr/lib/gcc/i686-pc-linux-gnu/4.9.1/crtbegin.o -L/usr/lib/gcc/i686-pc-linux-gnu/4.9.1 -L/usr/lib/gcc/i686-pc-linux-gnu/4.9.1/../../.. CMakeFiles/cmTryCompileExec1121450401.dir/CMakeCXXCompilerABI.cpp.o -lstdc++ -lm -lgcc_s -lgcc -lc -lgcc_s -lgcc /usr/lib/gcc/i686-pc-linux-gnu/4.9.1/crtend.o /usr/lib/gcc/i686-pc-linux-gnu/4.9.1/../../../crtn.o]
    arg [/usr/lib/gcc/i686-pc-linux-gnu/4.9.1/collect2] ==> ignore
    arg [-plugin] ==> ignore
    arg [/usr/lib/gcc/i686-pc-linux-gnu/4.9.1/liblto_plugin.so] ==> ignore
    arg [-plugin-opt=/usr/lib/gcc/i686-pc-linux-gnu/4.9.1/lto-wrapper] ==> ignore
    arg [-plugin-opt=-fresolution=/tmp/ccIyuUo0.res] ==> ignore
    arg [-plugin-opt=-pass-through=-lgcc_s] ==> ignore
    arg [-plugin-opt=-pass-through=-lgcc] ==> ignore
    arg [-plugin-opt=-pass-through=-lc] ==> ignore
    arg [-plugin-opt=-pass-through=-lgcc_s] ==> ignore
    arg [-plugin-opt=-pass-through=-lgcc] ==> ignore
    arg [--build-id] ==> ignore
    arg [--eh-frame-hdr] ==> ignore
    arg [--hash-style=gnu] ==> ignore
    arg [-m] ==> ignore
    arg [elf_i386] ==> ignore
    arg [-export-dynamic] ==> ignore
    arg [-dynamic-linker] ==> ignore
    arg [/lib/ld-linux.so.2] ==> ignore
    arg [-o] ==> ignore
    arg [cmTryCompileExec1121450401] ==> ignore
    arg [/usr/lib/gcc/i686-pc-linux-gnu/4.9.1/../../../crt1.o] ==> ignore
    arg [/usr/lib/gcc/i686-pc-linux-gnu/4.9.1/../../../crti.o] ==> ignore
    arg [/usr/lib/gcc/i686-pc-linux-gnu/4.9.1/crtbegin.o] ==> ignore
    arg [-L/usr/lib/gcc/i686-pc-linux-gnu/4.9.1] ==> dir [/usr/lib/gcc/i686-pc-linux-gnu/4.9.1]
    arg [-L/usr/lib/gcc/i686-pc-linux-gnu/4.9.1/../../..] ==> dir [/usr/lib/gcc/i686-pc-linux-gnu/4.9.1/../../..]
    arg [CMakeFiles/cmTryCompileExec1121450401.dir/CMakeCXXCompilerABI.cpp.o] ==> ignore
    arg [-lstdc++] ==> lib [stdc++]
    arg [-lm] ==> lib [m]
    arg [-lgcc_s] ==> lib [gcc_s]
    arg [-lgcc] ==> lib [gcc]
    arg [-lc] ==> lib [c]
    arg [-lgcc_s] ==> lib [gcc_s]
    arg [-lgcc] ==> lib [gcc]
    arg [/usr/lib/gcc/i686-pc-linux-gnu/4.9.1/crtend.o] ==> ignore
    arg [/usr/lib/gcc/i686-pc-linux-gnu/4.9.1/../../../crtn.o] ==> ignore
  remove lib [gcc_s]
  remove lib [gcc]
  remove lib [gcc_s]
  remove lib [gcc]
  collapse library dir [/usr/lib/gcc/i686-pc-linux-gnu/4.9.1] ==> [/usr/lib/gcc/i686-pc-linux-gnu/4.9.1]
  collapse library dir [/usr/lib/gcc/i686-pc-linux-gnu/4.9.1/../../..] ==> [/usr/lib]
  implicit libs: [stdc++;m;c]
  implicit dirs: [/usr/lib/gcc/i686-pc-linux-gnu/4.9.1;/usr/lib]
  implicit fwks: []


Performing C++ SOURCE FILE Test HAS_STDCXX11 succeded with the following output:
Change Dir: /home/nathan/.emacs.d/irony/build/CMakeFiles/CMakeTmp

Run Build Command:"/usr/sbin/make" "cmTryCompileExec4137485634/fast"
/usr/sbin/make -f CMakeFiles/cmTryCompileExec4137485634.dir/build.make CMakeFiles/cmTryCompileExec4137485634.dir/build
make[1]: Entering directory '/home/nathan/.emacs.d/irony/build/CMakeFiles/CMakeTmp'
/usr/bin/cmake -E cmake_progress_report /home/nathan/.emacs.d/irony/build/CMakeFiles/CMakeTmp/CMakeFiles 1
Building CXX object CMakeFiles/cmTryCompileExec4137485634.dir/src.cxx.o
/usr/sbin/c++    -DHAS_STDCXX11   -std=c++11 -o CMakeFiles/cmTryCompileExec4137485634.dir/src.cxx.o -c /home/nathan/.emacs.d/irony/build/CMakeFiles/CMakeTmp/src.cxx
Linking CXX executable cmTryCompileExec4137485634
/usr/bin/cmake -E cmake_link_script CMakeFiles/cmTryCompileExec4137485634.dir/link.txt --verbose=1
/usr/sbin/c++    -DHAS_STDCXX11    CMakeFiles/cmTryCompileExec4137485634.dir/src.cxx.o  -o cmTryCompileExec4137485634 -rdynamic 
make[1]: Leaving directory '/home/nathan/.emacs.d/irony/build/CMakeFiles/CMakeTmp'

Source file was:
int main() { return 0; }
Performing C++ SOURCE FILE Test HAS_CXX11_STDLIB succeded with the following output:
Change Dir: /home/nathan/.emacs.d/irony/build/CMakeFiles/CMakeTmp

Run Build Command:"/usr/sbin/make" "cmTryCompileExec279080858/fast"
/usr/sbin/make -f CMakeFiles/cmTryCompileExec279080858.dir/build.make CMakeFiles/cmTryCompileExec279080858.dir/build
make[1]: Entering directory '/home/nathan/.emacs.d/irony/build/CMakeFiles/CMakeTmp'
/usr/bin/cmake -E cmake_progress_report /home/nathan/.emacs.d/irony/build/CMakeFiles/CMakeTmp/CMakeFiles 1
Building CXX object CMakeFiles/cmTryCompileExec279080858.dir/src.cxx.o
/usr/sbin/c++    -DHAS_CXX11_STDLIB -std=c++11   -o CMakeFiles/cmTryCompileExec279080858.dir/src.cxx.o -c /home/nathan/.emacs.d/irony/build/CMakeFiles/CMakeTmp/src.cxx
Linking CXX executable cmTryCompileExec279080858
/usr/bin/cmake -E cmake_link_script CMakeFiles/cmTryCompileExec279080858.dir/link.txt --verbose=1
/usr/sbin/c++    -DHAS_CXX11_STDLIB -std=c++11    CMakeFiles/cmTryCompileExec279080858.dir/src.cxx.o  -o cmTryCompileExec279080858 -rdynamic 
make[1]: Leaving directory '/home/nathan/.emacs.d/irony/build/CMakeFiles/CMakeTmp'

Source file was:
#include <random>

int main() {
    std::random_device rd;
    std::default_random_engine e(rd());
    std::uniform_int_distribution<int> dist(0, 15);

    return dist(e);
}

